==================================================
  Phase 1: Cross-Persona Tests
==================================================

Test Suite 1: Onboarding & Memory Formation
------------------------------------------
TEST 1: 1.1 Executive Onboarding
  ✅ PASS
TEST 2: 1.2 Analyst Onboarding
  ✅ PASS
TEST 3: 1.3 Developer Onboarding
  ✅ PASS
TEST 4: 1.4 Gong Cha Direct Query
  ✅ PASS
TEST 5: 1.5 Designer/UX Onboarding
  ✅ PASS
TEST 6: 1.6 Marketing/Sales Onboarding
  ✅ PASS
TEST 7: 1.7 HR/People Manager Onboarding
  ✅ PASS
TEST 8: 1.8 Student/Learner Onboarding
  ✅ PASS

==================================================
  Phase 1 Complete
==================================================

Tests Passed: 8 / 8
Tests Failed: 0 / 8

Full report saved to: phase1_results.md

